for Java/app/build/intermediates/manifest_merge_blame_file/debug/manifest-merger-blame-debug-report.txt
1<?xml version="1.0" encoding="utf-8"?>
2<manifest xmlns:android="http://schemas.android.com/apk/res/android"
3    package="com.example.resistorscannerappnew"
4    android:versionCode="1"
5    android:versionName="1.0" >
6
7    <uses-sdk
8        android:minSdkVersion="21"
8-->src\main\AndroidManifest.xml
9        android:targetSdkVersion="30" />
9-->src\main\AndroidManifest.xml
10
11    <uses-permission android:name="android.permission.CAMERA" />
11-->src\main\AndroidManifest.xml:5:5-64
11-->src\main\AndroidManifest.xml:5:22-62
12
13    <uses-feature android:name="android.hardware.camera" />
13-->src\main\AndroidManifest.xml:6:5-59
13-->src\main\AndroidManifest.xml:6:19-57
14    <uses-feature android:name="android.hardware.camera.autofocus" />
14-->src\main\AndroidManifest.xml:7:5-69
14-->src\main\AndroidManifest.xml:7:19-67
15    <uses-feature android:name="android.hardware.camera.front" />
15-->src\main\AndroidManifest.xml:8:5-65
15-->src\main\AndroidManifest.xml:8:19-63
16    <uses-feature android:name="android.hardware.camera.front.autofocus" />
16-->src\main\AndroidManifest.xml:9:5-75
16-->src\main\AndroidManifest.xml:9:19-73
17
18    <supports-screens
18-->src\main\AndroidManifest.xml:11:5-15:37
19        android:anyDensity="true"
19-->src\main\AndroidManifest.xml:15:9-34
20        android:largeScreens="true"
20-->src\main\AndroidManifest.xml:14:9-36
21        android:normalScreens="true"
21-->src\main\AndroidManifest.xml:13:9-37
22        android:resizeable="true"
22-->src\main\AndroidManifest.xml:11:23-48
23        android:smallScreens="true" />
23-->src\main\AndroidManifest.xml:12:9-36
24
25    <application
25-->src\main\AndroidManifest.xml:20:5-34:19
26        android:allowBackup="true"
26-->src\main\AndroidManifest.xml:21:9-35
27        android:appComponentFactory="androidx.core.app.CoreComponentFactory"
27-->[androidx.core:core:1.3.1] AndroidManifest.xml:24:18-86
28        android:debuggable="true"
29        android:icon="@mipmap/ic_launcher"
29-->src\main\AndroidManifest.xml:22:9-43
30        android:label="@string/app_name"
30-->src\main\AndroidManifest.xml:23:9-41
31        android:roundIcon="@mipmap/ic_launcher_round"
31-->src\main\AndroidManifest.xml:24:9-54
32        android:supportsRtl="true"
32-->src\main\AndroidManifest.xml:25:9-35
33        android:testOnly="true"
34        android:theme="@style/Theme.ResistorScannerAppNew" >
34-->src\main\AndroidManifest.xml:26:9-59
35        <activity android:name="com.example.resistorscannerappnew.MainActivity" >
35-->src\main\AndroidManifest.xml:27:9-33:20
35-->src\main\AndroidManifest.xml:27:19-47
36            <intent-filter>
36-->src\main\AndroidManifest.xml:28:13-32:29
37                <action android:name="android.intent.action.MAIN" />
37-->src\main\AndroidManifest.xml:29:17-69
37-->src\main\AndroidManifest.xml:29:25-66
38
39                <category android:name="android.intent.category.LAUNCHER" />
39-->src\main\AndroidManifest.xml:31:17-77
39-->src\main\AndroidManifest.xml:31:27-74
40            </intent-filter>
41        </activity>
42    </application>
43
44</manifest>